[0.772s] Invoking command in '/home/park/log_ws/src/turtle_logger': PYTHONPATH=/home/park/log_ws/build/turtle_logger/prefix_override:/usr/lib/python3/dist-packages/colcon_core/task/python/colcon_distutils_commands:/home/park/log_ws/install/turtle_logger/lib/python3.10/site-packages:${PYTHONPATH} /usr/bin/python3 -W ignore:setup.py install is deprecated -W ignore:easy_install command is deprecated setup.py egg_info --egg-base ../../build/turtle_logger build --build-base /home/park/log_ws/build/turtle_logger/build install --record /home/park/log_ws/build/turtle_logger/install.log --single-version-externally-managed install_data
[1.033s] running egg_info
[1.049s] writing ../../build/turtle_logger/turtle_logger.egg-info/PKG-INFO
[1.050s] writing dependency_links to ../../build/turtle_logger/turtle_logger.egg-info/dependency_links.txt
[1.050s] writing entry points to ../../build/turtle_logger/turtle_logger.egg-info/entry_points.txt
[1.050s] writing requirements to ../../build/turtle_logger/turtle_logger.egg-info/requires.txt
[1.050s] writing top-level names to ../../build/turtle_logger/turtle_logger.egg-info/top_level.txt
[1.084s] reading manifest file '../../build/turtle_logger/turtle_logger.egg-info/SOURCES.txt'
[1.085s] writing manifest file '../../build/turtle_logger/turtle_logger.egg-info/SOURCES.txt'
[1.085s] running build
[1.085s] running build_py
[1.085s] copying turtle_logger/turtle_logger.py -> /home/park/log_ws/build/turtle_logger/build/lib/turtle_logger
[1.086s] copying turtle_logger/__init__.py -> /home/park/log_ws/build/turtle_logger/build/lib/turtle_logger
[1.086s] running install
[1.091s] running install_lib
[1.107s] copying /home/park/log_ws/build/turtle_logger/build/lib/turtle_logger/turtle_logger.py -> /home/park/log_ws/install/turtle_logger/lib/python3.10/site-packages/turtle_logger
[1.108s] byte-compiling /home/park/log_ws/install/turtle_logger/lib/python3.10/site-packages/turtle_logger/turtle_logger.py to turtle_logger.cpython-310.pyc
[1.108s] running install_data
[1.109s] copying resource/turtle_logger -> /home/park/log_ws/install/turtle_logger/share/ament_index/resource_index/packages
[1.109s] copying package.xml -> /home/park/log_ws/install/turtle_logger/share/turtle_logger
[1.109s] running install_egg_info
[1.126s] removing '/home/park/log_ws/install/turtle_logger/lib/python3.10/site-packages/turtle_logger-0.0.0-py3.10.egg-info' (and everything under it)
[1.127s] Copying ../../build/turtle_logger/turtle_logger.egg-info to /home/park/log_ws/install/turtle_logger/lib/python3.10/site-packages/turtle_logger-0.0.0-py3.10.egg-info
[1.127s] running install_scripts
[1.267s] Installing turtle_logger script to /home/park/log_ws/install/turtle_logger/lib/turtle_logger
[1.268s] writing list of installed files to '/home/park/log_ws/build/turtle_logger/install.log'
[1.294s] Invoked command in '/home/park/log_ws/src/turtle_logger' returned '0': PYTHONPATH=/home/park/log_ws/build/turtle_logger/prefix_override:/usr/lib/python3/dist-packages/colcon_core/task/python/colcon_distutils_commands:/home/park/log_ws/install/turtle_logger/lib/python3.10/site-packages:${PYTHONPATH} /usr/bin/python3 -W ignore:setup.py install is deprecated -W ignore:easy_install command is deprecated setup.py egg_info --egg-base ../../build/turtle_logger build --build-base /home/park/log_ws/build/turtle_logger/build install --record /home/park/log_ws/build/turtle_logger/install.log --single-version-externally-managed install_data
