[0.766s] Invoking command in '/home/park/log_ws/src/turtle_logger': PYTHONPATH=/home/park/log_ws/build/turtle_logger/prefix_override:/usr/lib/python3/dist-packages/colcon_core/task/python/colcon_distutils_commands:/home/park/log_ws/install/turtle_logger/lib/python3.10/site-packages:${PYTHONPATH} /usr/bin/python3 -W ignore:setup.py install is deprecated -W ignore:easy_install command is deprecated setup.py egg_info --egg-base ../../build/turtle_logger build --build-base /home/park/log_ws/build/turtle_logger/build install --record /home/park/log_ws/build/turtle_logger/install.log --single-version-externally-managed install_data
[1.025s] running egg_info
[1.041s] creating ../../build/turtle_logger/turtle_logger.egg-info
[1.042s] writing ../../build/turtle_logger/turtle_logger.egg-info/PKG-INFO
[1.042s] writing dependency_links to ../../build/turtle_logger/turtle_logger.egg-info/dependency_links.txt
[1.042s] writing entry points to ../../build/turtle_logger/turtle_logger.egg-info/entry_points.txt
[1.042s] writing requirements to ../../build/turtle_logger/turtle_logger.egg-info/requires.txt
[1.042s] writing top-level names to ../../build/turtle_logger/turtle_logger.egg-info/top_level.txt
[1.042s] writing manifest file '../../build/turtle_logger/turtle_logger.egg-info/SOURCES.txt'
[1.075s] reading manifest file '../../build/turtle_logger/turtle_logger.egg-info/SOURCES.txt'
[1.076s] writing manifest file '../../build/turtle_logger/turtle_logger.egg-info/SOURCES.txt'
[1.076s] running build
[1.077s] running build_py
[1.077s] creating /home/park/log_ws/build/turtle_logger/build/lib/turtle_logger
[1.077s] copying turtle_logger/__init__.py -> /home/park/log_ws/build/turtle_logger/build/lib/turtle_logger
[1.077s] running install
[1.082s] running install_lib
[1.098s] creating /home/park/log_ws/install/turtle_logger/lib/python3.10/site-packages/turtle_logger
[1.098s] copying /home/park/log_ws/build/turtle_logger/build/lib/turtle_logger/__init__.py -> /home/park/log_ws/install/turtle_logger/lib/python3.10/site-packages/turtle_logger
[1.099s] byte-compiling /home/park/log_ws/install/turtle_logger/lib/python3.10/site-packages/turtle_logger/__init__.py to __init__.cpython-310.pyc
[1.099s] running install_data
[1.099s] creating /home/park/log_ws/install/turtle_logger/share/ament_index/resource_index/packages
[1.099s] copying resource/turtle_logger -> /home/park/log_ws/install/turtle_logger/share/ament_index/resource_index/packages
[1.100s] copying package.xml -> /home/park/log_ws/install/turtle_logger/share/turtle_logger
[1.100s] running install_egg_info
[1.117s] Copying ../../build/turtle_logger/turtle_logger.egg-info to /home/park/log_ws/install/turtle_logger/lib/python3.10/site-packages/turtle_logger-0.0.0-py3.10.egg-info
[1.118s] running install_scripts
[1.256s] Installing turtle_logger script to /home/park/log_ws/install/turtle_logger/lib/turtle_logger
[1.256s] writing list of installed files to '/home/park/log_ws/build/turtle_logger/install.log'
[1.281s] Invoked command in '/home/park/log_ws/src/turtle_logger' returned '0': PYTHONPATH=/home/park/log_ws/build/turtle_logger/prefix_override:/usr/lib/python3/dist-packages/colcon_core/task/python/colcon_distutils_commands:/home/park/log_ws/install/turtle_logger/lib/python3.10/site-packages:${PYTHONPATH} /usr/bin/python3 -W ignore:setup.py install is deprecated -W ignore:easy_install command is deprecated setup.py egg_info --egg-base ../../build/turtle_logger build --build-base /home/park/log_ws/build/turtle_logger/build install --record /home/park/log_ws/build/turtle_logger/install.log --single-version-externally-managed install_data
