[0.882s] Invoking command in '/home/park/log_ws/src/turtle_logger': PYTHONPATH=/home/park/log_ws/build/turtle_logger/prefix_override:/usr/lib/python3/dist-packages/colcon_core/task/python/colcon_distutils_commands:/home/park/log_ws/install/turtle_logger/lib/python3.10/site-packages:${PYTHONPATH} /usr/bin/python3 -W ignore:setup.py install is deprecated -W ignore:easy_install command is deprecated setup.py egg_info --egg-base ../../build/turtle_logger build --build-base /home/park/log_ws/build/turtle_logger/build install --record /home/park/log_ws/build/turtle_logger/install.log --single-version-externally-managed install_data
[1.154s] running egg_info
[1.170s] writing ../../build/turtle_logger/turtle_logger.egg-info/PKG-INFO
[1.180s] writing dependency_links to ../../build/turtle_logger/turtle_logger.egg-info/dependency_links.txt
[1.181s] writing entry points to ../../build/turtle_logger/turtle_logger.egg-info/entry_points.txt
[1.181s] writing requirements to ../../build/turtle_logger/turtle_logger.egg-info/requires.txt
[1.181s] writing top-level names to ../../build/turtle_logger/turtle_logger.egg-info/top_level.txt
[1.215s] reading manifest file '../../build/turtle_logger/turtle_logger.egg-info/SOURCES.txt'
[1.217s] writing manifest file '../../build/turtle_logger/turtle_logger.egg-info/SOURCES.txt'
[1.217s] running build
[1.217s] running build_py
[1.218s] copying turtle_logger/turtle_logger.py -> /home/park/log_ws/build/turtle_logger/build/lib/turtle_logger
[1.218s] copying turtle_logger/__init__.py -> /home/park/log_ws/build/turtle_logger/build/lib/turtle_logger
[1.218s] running install
[1.223s] running install_lib
[1.241s] running install_data
[1.241s] copying resource/turtle_logger -> /home/park/log_ws/install/turtle_logger/share/ament_index/resource_index/packages
[1.242s] copying package.xml -> /home/park/log_ws/install/turtle_logger/share/turtle_logger
[1.242s] running install_egg_info
[1.259s] removing '/home/park/log_ws/install/turtle_logger/lib/python3.10/site-packages/turtle_logger-0.0.0-py3.10.egg-info' (and everything under it)
[1.259s] Copying ../../build/turtle_logger/turtle_logger.egg-info to /home/park/log_ws/install/turtle_logger/lib/python3.10/site-packages/turtle_logger-0.0.0-py3.10.egg-info
[1.260s] running install_scripts
[1.398s] Installing turtle_logger script to /home/park/log_ws/install/turtle_logger/lib/turtle_logger
[1.408s] writing list of installed files to '/home/park/log_ws/build/turtle_logger/install.log'
[1.432s] Invoked command in '/home/park/log_ws/src/turtle_logger' returned '0': PYTHONPATH=/home/park/log_ws/build/turtle_logger/prefix_override:/usr/lib/python3/dist-packages/colcon_core/task/python/colcon_distutils_commands:/home/park/log_ws/install/turtle_logger/lib/python3.10/site-packages:${PYTHONPATH} /usr/bin/python3 -W ignore:setup.py install is deprecated -W ignore:easy_install command is deprecated setup.py egg_info --egg-base ../../build/turtle_logger build --build-base /home/park/log_ws/build/turtle_logger/build install --record /home/park/log_ws/build/turtle_logger/install.log --single-version-externally-managed install_data
